|/SpreadByType/debug.log|
|====================|
(CLASS : FileUtils) [DEBUG]: Created 'debug.log' at 'Debug/Logs//SpreadByType/'
(CLASS : FileUtils) [DEBUG]: Created 'FileUtils.log' at 'Debug/Logs//SpreadByClass/'
(CLASS : FileUtils) [DEBUG]: Created 'Main.log' at 'Debug/Logs/'
(CLASS : FileUtils) [DEBUG]: Created 'TriggerGrass.log' at 'Debug/Logs//SpreadByClass/'
(CLASS : FileUtils) [DEBUG]: Created 'info.log' at 'Debug/Logs//SpreadByType/'
(CLASS : TriggerGrass) [DEBUG]: An wild Enemy appears!
(CLASS : FileUtils) [DEBUG]: Created 'warning.log' at 'Debug/Logs//SpreadByType/'
(CLASS : FileUtils) [DEBUG]: Created 'error.log' at 'Debug/Logs//SpreadByType/'
(CLASS : FileUtils) [DEBUG]: Created 'exception.log' at 'Debug/Logs//SpreadByType/'
(CLASS : TriggerGrass) [DEBUG]: An wild Enemy appears!
(CLASS : TriggerGrass) [DEBUG]: An wild Enemy appears!
(CLASS : TriggerGrass) [DEBUG]: An wild Enemy appears!
(CLASS : TriggerGrass) [DEBUG]: An wild Enemy appears!
(CLASS : TriggerGrass) [DEBUG]: An wild Enemy appears!
(CLASS : TriggerGrass) [DEBUG]: An wild Enemy appears!
(CLASS : TriggerGrass) [DEBUG]: An wild Enemy appears!
(CLASS : TriggerGrass) [DEBUG]: An wild Enemy appears!
(CLASS : TriggerGrass) [DEBUG]: An wild Enemy appears!
(CLASS : TriggerGrass) [DEBUG]: An wild Enemy appears!
(CLASS : TriggerGrass) [DEBUG]: An wild Enemy appears!
(CLASS : TriggerGrass) [DEBUG]: An wild Enemy appears!
(CLASS : TriggerGrass) [DEBUG]: An wild Enemy appears!
(CLASS : TriggerGrass) [DEBUG]: An wild Enemy appears!
(CLASS : TriggerGrass) [DEBUG]: An wild Enemy appears!
(CLASS : TriggerGrass) [DEBUG]: An wild Enemy appears!
(CLASS : TriggerGrass) [DEBUG]: An wild Enemy appears!
(CLASS : TriggerGrass) [DEBUG]: An wild Enemy appears!
(CLASS : TriggerGrass) [DEBUG]: An wild Enemy appears!
(CLASS : TriggerGrass) [DEBUG]: An wild Enemy appears!
(CLASS : TriggerGrass) [DEBUG]: An wild Enemy appears!
(CLASS : TriggerGrass) [DEBUG]: An wild Enemy appears!
(CLASS : TriggerGrass) [DEBUG]: An wild Enemy appears!
(CLASS : TriggerGrass) [DEBUG]: An wild Enemy appears!
(CLASS : TriggerGrass) [DEBUG]: An wild Enemy appears!
(CLASS : TriggerGrass) [DEBUG]: An wild Enemy appears!
(CLASS : TriggerGrass) [DEBUG]: An wild Enemy appears!
(CLASS : TriggerGrass) [DEBUG]: An wild Enemy appears!
(CLASS : TriggerGrass) [DEBUG]: An wild Enemy appears!
(CLASS : TriggerGrass) [DEBUG]: An wild Enemy appears!
(CLASS : TriggerGrass) [DEBUG]: An wild Enemy appears!
(CLASS : TriggerGrass) [DEBUG]: An wild Enemy appears!
(CLASS : TriggerGrass) [DEBUG]: An wild Enemy appears!
(CLASS : TriggerGrass) [DEBUG]: An wild Enemy appears!
(CLASS : TriggerGrass) [DEBUG]: An wild Enemy appears!
(CLASS : TriggerGrass) [DEBUG]: An wild Enemy appears!