|Main.log|
|====================|
(CLASS : FileUtils) [DEBUG]: Created 'Main.log' at 'Debug/Logs/'
(CLASS : Encounter_Manager) [DEBUG]: Starting 'Encounter' ...
(CLASS : Encounter_Manager) [DEBUG]: Place: Route 1
(CLASS : Encounter_Manager) [DEBUG]: RandomNumber = 74,89135
(CLASS : Encounter_Manager) [DEBUG]: choosenRarity = 0
(CLASS : Encounter_Manager) [ERROR]: Could not find a fitting Monster - Please check to Method!
(CLASS : Encounter_Manager) [DEBUG]: Monster: bulbasaur
(CLASS : Encounter_Manager) [DEBUG]: Starting 'Encounter' ...
(CLASS : Encounter_Manager) [DEBUG]: Place: Route 1
(CLASS : Encounter_Manager) [DEBUG]: RandomNumber = 24,83743
(CLASS : Encounter_Manager) [DEBUG]: choosenRarity = 30
(CLASS : Encounter_Manager) [ERROR]: Could not find a fitting Monster - Please check to Method!
(CLASS : Encounter_Manager) [DEBUG]: Monster: bulbasaur
(CLASS : Encounter_Manager) [DEBUG]: Starting 'Encounter' ...
(CLASS : Encounter_Manager) [DEBUG]: Place: Route 1
(CLASS : Encounter_Manager) [DEBUG]: RandomNumber = 3,263628
(CLASS : Encounter_Manager) [DEBUG]: choosenRarity = 30
(CLASS : Encounter_Manager) [ERROR]: Could not find a fitting Monster - Please check to Method!
(CLASS : Encounter_Manager) [DEBUG]: Monster: bulbasaur