|/SpreadByClass/TriggerGrass.log|
|====================|
(CLASS : TriggerGrass) [INFO]: An wild Enemy appears!
(CLASS : TriggerGrass) [DEBUG]: An wild Enemy appears!
(CLASS : TriggerGrass) [WARNING]: An wild Enemy appears!
(CLASS : TriggerGrass) [ERROR]: An wild Enemy appears!
(CLASS : TriggerGrass) [EXCEPTION]: An wild Enemy appears!
(CLASS : TriggerGrass) [INFO]: An wild Enemy appears!
(CLASS : TriggerGrass) [DEBUG]: An wild Enemy appears!
(CLASS : TriggerGrass) [WARNING]: An wild Enemy appears!
(CLASS : TriggerGrass) [ERROR]: An wild Enemy appears!
(CLASS : TriggerGrass) [EXCEPTION]: An wild Enemy appears!
(CLASS : TriggerGrass) [INFO]: An wild Enemy appears!
(CLASS : TriggerGrass) [DEBUG]: An wild Enemy appears!
(CLASS : TriggerGrass) [WARNING]: An wild Enemy appears!
(CLASS : TriggerGrass) [ERROR]: An wild Enemy appears!
(CLASS : TriggerGrass) [EXCEPTION]: An wild Enemy appears!
(CLASS : TriggerGrass) [INFO]: An wild Enemy appears!
(CLASS : TriggerGrass) [DEBUG]: An wild Enemy appears!
(CLASS : TriggerGrass) [WARNING]: An wild Enemy appears!
(CLASS : TriggerGrass) [ERROR]: An wild Enemy appears!
(CLASS : TriggerGrass) [EXCEPTION]: An wild Enemy appears!
(CLASS : TriggerGrass) [INFO]: An wild Enemy appears!
(CLASS : TriggerGrass) [DEBUG]: An wild Enemy appears!
(CLASS : TriggerGrass) [WARNING]: An wild Enemy appears!
(CLASS : TriggerGrass) [ERROR]: An wild Enemy appears!
(CLASS : TriggerGrass) [EXCEPTION]: An wild Enemy appears!
(CLASS : TriggerGrass) [INFO]: An wild Enemy appears!
(CLASS : TriggerGrass) [DEBUG]: An wild Enemy appears!
(CLASS : TriggerGrass) [WARNING]: An wild Enemy appears!
(CLASS : TriggerGrass) [ERROR]: An wild Enemy appears!
(CLASS : TriggerGrass) [EXCEPTION]: An wild Enemy appears!
(CLASS : TriggerGrass) [INFO]: An wild Enemy appears!
(CLASS : TriggerGrass) [DEBUG]: An wild Enemy appears!
(CLASS : TriggerGrass) [WARNING]: An wild Enemy appears!
(CLASS : TriggerGrass) [ERROR]: An wild Enemy appears!
(CLASS : TriggerGrass) [EXCEPTION]: An wild Enemy appears!
(CLASS : TriggerGrass) [INFO]: An wild Enemy appears!
(CLASS : TriggerGrass) [DEBUG]: An wild Enemy appears!
(CLASS : TriggerGrass) [WARNING]: An wild Enemy appears!
(CLASS : TriggerGrass) [ERROR]: An wild Enemy appears!
(CLASS : TriggerGrass) [EXCEPTION]: An wild Enemy appears!
(CLASS : TriggerGrass) [INFO]: An wild Enemy appears!
(CLASS : TriggerGrass) [DEBUG]: An wild Enemy appears!
(CLASS : TriggerGrass) [WARNING]: An wild Enemy appears!
(CLASS : TriggerGrass) [ERROR]: An wild Enemy appears!
(CLASS : TriggerGrass) [EXCEPTION]: An wild Enemy appears!
(CLASS : TriggerGrass) [INFO]: An wild Enemy appears!
(CLASS : TriggerGrass) [DEBUG]: An wild Enemy appears!
(CLASS : TriggerGrass) [WARNING]: An wild Enemy appears!
(CLASS : TriggerGrass) [ERROR]: An wild Enemy appears!
(CLASS : TriggerGrass) [EXCEPTION]: An wild Enemy appears!
(CLASS : TriggerGrass) [INFO]: An wild Enemy appears!
(CLASS : TriggerGrass) [DEBUG]: An wild Enemy appears!
(CLASS : TriggerGrass) [WARNING]: An wild Enemy appears!
(CLASS : TriggerGrass) [ERROR]: An wild Enemy appears!
(CLASS : TriggerGrass) [EXCEPTION]: An wild Enemy appears!
(CLASS : TriggerGrass) [INFO]: An wild Enemy appears!
(CLASS : TriggerGrass) [DEBUG]: An wild Enemy appears!
(CLASS : TriggerGrass) [WARNING]: An wild Enemy appears!
(CLASS : TriggerGrass) [ERROR]: An wild Enemy appears!
(CLASS : TriggerGrass) [EXCEPTION]: An wild Enemy appears!
(CLASS : TriggerGrass) [INFO]: An wild Enemy appears!
(CLASS : TriggerGrass) [DEBUG]: An wild Enemy appears!
(CLASS : TriggerGrass) [WARNING]: An wild Enemy appears!
(CLASS : TriggerGrass) [ERROR]: An wild Enemy appears!
(CLASS : TriggerGrass) [EXCEPTION]: An wild Enemy appears!
(CLASS : TriggerGrass) [INFO]: An wild Enemy appears!
(CLASS : TriggerGrass) [DEBUG]: An wild Enemy appears!
(CLASS : TriggerGrass) [WARNING]: An wild Enemy appears!
(CLASS : TriggerGrass) [ERROR]: An wild Enemy appears!
(CLASS : TriggerGrass) [EXCEPTION]: An wild Enemy appears!
(CLASS : TriggerGrass) [INFO]: An wild Enemy appears!
(CLASS : TriggerGrass) [DEBUG]: An wild Enemy appears!
(CLASS : TriggerGrass) [WARNING]: An wild Enemy appears!
(CLASS : TriggerGrass) [ERROR]: An wild Enemy appears!
(CLASS : TriggerGrass) [EXCEPTION]: An wild Enemy appears!
(CLASS : TriggerGrass) [INFO]: An wild Enemy appears!
(CLASS : TriggerGrass) [DEBUG]: An wild Enemy appears!
(CLASS : TriggerGrass) [WARNING]: An wild Enemy appears!
(CLASS : TriggerGrass) [ERROR]: An wild Enemy appears!
(CLASS : TriggerGrass) [EXCEPTION]: An wild Enemy appears!
(CLASS : TriggerGrass) [INFO]: An wild Enemy appears!
(CLASS : TriggerGrass) [DEBUG]: An wild Enemy appears!
(CLASS : TriggerGrass) [WARNING]: An wild Enemy appears!
(CLASS : TriggerGrass) [ERROR]: An wild Enemy appears!
(CLASS : TriggerGrass) [EXCEPTION]: An wild Enemy appears!
(CLASS : TriggerGrass) [INFO]: An wild Enemy appears!
(CLASS : TriggerGrass) [DEBUG]: An wild Enemy appears!
(CLASS : TriggerGrass) [WARNING]: An wild Enemy appears!
(CLASS : TriggerGrass) [ERROR]: An wild Enemy appears!
(CLASS : TriggerGrass) [EXCEPTION]: An wild Enemy appears!
(CLASS : TriggerGrass) [INFO]: An wild Enemy appears!
(CLASS : TriggerGrass) [DEBUG]: An wild Enemy appears!
(CLASS : TriggerGrass) [WARNING]: An wild Enemy appears!
(CLASS : TriggerGrass) [ERROR]: An wild Enemy appears!
(CLASS : TriggerGrass) [EXCEPTION]: An wild Enemy appears!
(CLASS : TriggerGrass) [INFO]: An wild Enemy appears!
(CLASS : TriggerGrass) [DEBUG]: An wild Enemy appears!
(CLASS : TriggerGrass) [WARNING]: An wild Enemy appears!
(CLASS : TriggerGrass) [ERROR]: An wild Enemy appears!
(CLASS : TriggerGrass) [EXCEPTION]: An wild Enemy appears!
(CLASS : TriggerGrass) [INFO]: An wild Enemy appears!
(CLASS : TriggerGrass) [DEBUG]: An wild Enemy appears!
(CLASS : TriggerGrass) [WARNING]: An wild Enemy appears!
(CLASS : TriggerGrass) [ERROR]: An wild Enemy appears!
(CLASS : TriggerGrass) [EXCEPTION]: An wild Enemy appears!
(CLASS : TriggerGrass) [INFO]: An wild Enemy appears!
(CLASS : TriggerGrass) [DEBUG]: An wild Enemy appears!
(CLASS : TriggerGrass) [WARNING]: An wild Enemy appears!
(CLASS : TriggerGrass) [ERROR]: An wild Enemy appears!
(CLASS : TriggerGrass) [EXCEPTION]: An wild Enemy appears!
(CLASS : TriggerGrass) [INFO]: An wild Enemy appears!
(CLASS : TriggerGrass) [DEBUG]: An wild Enemy appears!
(CLASS : TriggerGrass) [WARNING]: An wild Enemy appears!
(CLASS : TriggerGrass) [ERROR]: An wild Enemy appears!
(CLASS : TriggerGrass) [EXCEPTION]: An wild Enemy appears!
(CLASS : TriggerGrass) [INFO]: An wild Enemy appears!
(CLASS : TriggerGrass) [DEBUG]: An wild Enemy appears!
(CLASS : TriggerGrass) [WARNING]: An wild Enemy appears!
(CLASS : TriggerGrass) [ERROR]: An wild Enemy appears!
(CLASS : TriggerGrass) [EXCEPTION]: An wild Enemy appears!
(CLASS : TriggerGrass) [INFO]: An wild Enemy appears!
(CLASS : TriggerGrass) [DEBUG]: An wild Enemy appears!
(CLASS : TriggerGrass) [WARNING]: An wild Enemy appears!
(CLASS : TriggerGrass) [ERROR]: An wild Enemy appears!
(CLASS : TriggerGrass) [EXCEPTION]: An wild Enemy appears!
(CLASS : TriggerGrass) [INFO]: An wild Enemy appears!
(CLASS : TriggerGrass) [DEBUG]: An wild Enemy appears!
(CLASS : TriggerGrass) [WARNING]: An wild Enemy appears!
(CLASS : TriggerGrass) [ERROR]: An wild Enemy appears!
(CLASS : TriggerGrass) [EXCEPTION]: An wild Enemy appears!
(CLASS : TriggerGrass) [INFO]: An wild Enemy appears!
(CLASS : TriggerGrass) [DEBUG]: An wild Enemy appears!
(CLASS : TriggerGrass) [WARNING]: An wild Enemy appears!
(CLASS : TriggerGrass) [ERROR]: An wild Enemy appears!
(CLASS : TriggerGrass) [EXCEPTION]: An wild Enemy appears!
(CLASS : TriggerGrass) [INFO]: An wild Enemy appears!
(CLASS : TriggerGrass) [DEBUG]: An wild Enemy appears!
(CLASS : TriggerGrass) [WARNING]: An wild Enemy appears!
(CLASS : TriggerGrass) [ERROR]: An wild Enemy appears!
(CLASS : TriggerGrass) [EXCEPTION]: An wild Enemy appears!
(CLASS : TriggerGrass) [INFO]: An wild Enemy appears!
(CLASS : TriggerGrass) [DEBUG]: An wild Enemy appears!
(CLASS : TriggerGrass) [WARNING]: An wild Enemy appears!
(CLASS : TriggerGrass) [ERROR]: An wild Enemy appears!
(CLASS : TriggerGrass) [EXCEPTION]: An wild Enemy appears!
(CLASS : TriggerGrass) [INFO]: An wild Enemy appears!
(CLASS : TriggerGrass) [DEBUG]: An wild Enemy appears!
(CLASS : TriggerGrass) [WARNING]: An wild Enemy appears!
(CLASS : TriggerGrass) [ERROR]: An wild Enemy appears!
(CLASS : TriggerGrass) [EXCEPTION]: An wild Enemy appears!
(CLASS : TriggerGrass) [INFO]: An wild Enemy appears!
(CLASS : TriggerGrass) [DEBUG]: An wild Enemy appears!
(CLASS : TriggerGrass) [WARNING]: An wild Enemy appears!
(CLASS : TriggerGrass) [ERROR]: An wild Enemy appears!
(CLASS : TriggerGrass) [EXCEPTION]: An wild Enemy appears!
(CLASS : TriggerGrass) [INFO]: An wild Enemy appears!
(CLASS : TriggerGrass) [DEBUG]: An wild Enemy appears!
(CLASS : TriggerGrass) [WARNING]: An wild Enemy appears!
(CLASS : TriggerGrass) [ERROR]: An wild Enemy appears!
(CLASS : TriggerGrass) [EXCEPTION]: An wild Enemy appears!
(CLASS : TriggerGrass) [INFO]: An wild Enemy appears!
(CLASS : TriggerGrass) [DEBUG]: An wild Enemy appears!
(CLASS : TriggerGrass) [WARNING]: An wild Enemy appears!
(CLASS : TriggerGrass) [ERROR]: An wild Enemy appears!
(CLASS : TriggerGrass) [EXCEPTION]: An wild Enemy appears!
(CLASS : TriggerGrass) [INFO]: An wild Enemy appears!
(CLASS : TriggerGrass) [DEBUG]: An wild Enemy appears!
(CLASS : TriggerGrass) [WARNING]: An wild Enemy appears!
(CLASS : TriggerGrass) [ERROR]: An wild Enemy appears!
(CLASS : TriggerGrass) [EXCEPTION]: An wild Enemy appears!
(CLASS : TriggerGrass) [INFO]: An wild Enemy appears!
(CLASS : TriggerGrass) [DEBUG]: An wild Enemy appears!
(CLASS : TriggerGrass) [WARNING]: An wild Enemy appears!
(CLASS : TriggerGrass) [ERROR]: An wild Enemy appears!
(CLASS : TriggerGrass) [EXCEPTION]: An wild Enemy appears!
(CLASS : TriggerGrass) [INFO]: An wild Enemy appears!
(CLASS : TriggerGrass) [DEBUG]: An wild Enemy appears!
(CLASS : TriggerGrass) [WARNING]: An wild Enemy appears!
(CLASS : TriggerGrass) [ERROR]: An wild Enemy appears!
(CLASS : TriggerGrass) [EXCEPTION]: An wild Enemy appears!
(CLASS : TriggerGrass) [INFO]: An wild Enemy appears!
(CLASS : TriggerGrass) [DEBUG]: An wild Enemy appears!
(CLASS : TriggerGrass) [WARNING]: An wild Enemy appears!
(CLASS : TriggerGrass) [ERROR]: An wild Enemy appears!
(CLASS : TriggerGrass) [EXCEPTION]: An wild Enemy appears!